Build started 14/07/2015 7:55:14 PM.
     1>Project "C:\Projects\portmidi\pm_common\portmidi-static.vcxproj" on node 2 (Build target(s)).
     1>ClCompile:
         C:\Program Files (x86)\Microsoft Visual Studio 12.0\VC\bin\CL.exe /c /I..\pm_common /I..\porttime /I"C:\Program Files\Java\jdk1.6.0_16\include" /I"C:\Program Files\Java\jdk1.6.0_16\include\win32" /Zi /nologo /W3 /WX- /Od /Oy- /D WIN32 /D _WINDOWS /D _DEBUG /D PM_CHECK_ERRORS=1 /D DEBUG /D "CMAKE_INTDIR=\"Debug\"" /D _MBCS /Gm- /RTC1 /MTd /GS /fp:precise /Zc:wchar_t /Zc:forScope /Fo"portmidi-static.dir\Debug\\" /Fd"../Debug/portmidi_s.pdb" /Gd /TC /analyze- /errorReport:prompt  /Zm1000 ..\pm_win\pmwin.c ..\pm_win\pmwinmm.c ..\porttime\ptwinmm.c pmutil.c portmidi.c
         pmwin.c
         pmwinmm.c
     1>..\pm_win\pmwinmm.c(263): warning C4996: 'strncpy': This function or variable may be unsafe. Consider using strncpy_s instead. To disable deprecation, use _CRT_SECURE_NO_WARNINGS. See online help for details.
                 C:\Program Files (x86)\Microsoft Visual Studio 12.0\VC\include\string.h(195) : see declaration of 'strncpy'
         ptwinmm.c
         pmutil.c
         portmidi.c
     1>portmidi.c(299): warning C4996: 'strncpy': This function or variable may be unsafe. Consider using strncpy_s instead. To disable deprecation, use _CRT_SECURE_NO_WARNINGS. See online help for details.
                 C:\Program Files (x86)\Microsoft Visual Studio 12.0\VC\include\string.h(195) : see declaration of 'strncpy'
         Generating Code...
     1>C:\Program Files (x86)\MSBuild\Microsoft.Cpp\v4.0\V120\Microsoft.CppBuild.targets(1361,5): warning MSB8012: TargetPath(C:\Projects\portmidi\pm_common\Debug\portmidi-static.lib) does not match the Library's OutputFile property value (C:\Projects\portmidi\Debug\portmidi_s.lib). This may cause your project to build incorrectly. To correct this, please make sure that $(OutDir), $(TargetName) and $(TargetExt) property values match the value specified in %(Lib.OutputFile).
     1>C:\Program Files (x86)\MSBuild\Microsoft.Cpp\v4.0\V120\Microsoft.CppBuild.targets(1363,5): warning MSB8012: TargetName(portmidi-static) does not match the Library's OutputFile property value (portmidi_s). This may cause your project to build incorrectly. To correct this, please make sure that $(OutDir), $(TargetName) and $(TargetExt) property values match the value specified in %(Lib.OutputFile).
       Lib:
         C:\Program Files (x86)\Microsoft Visual Studio 12.0\VC\bin\Lib.exe /OUT:"..\Debug\portmidi_s.lib" /NOLOGO "portmidi-static.dir\Debug\pmwin.obj"
         "portmidi-static.dir\Debug\pmwinmm.obj"
         "portmidi-static.dir\Debug\ptwinmm.obj"
         "portmidi-static.dir\Debug\pmutil.obj"
         "portmidi-static.dir\Debug\portmidi.obj"
         portmidi-static.vcxproj -> C:\Projects\portmidi\pm_common\Debug\portmidi-static.lib
     1>Done Building Project "C:\Projects\portmidi\pm_common\portmidi-static.vcxproj" (Build target(s)).

Build succeeded.

Time Elapsed 00:00:03.26
