Build started 2016-06-19 4:12:54 PM.
     1>Project "D:\Projects\Midi\Source\Platformer\Platformer.vcxproj" on node 2 (Build target(s)).
     1>ClCompile:
         C:\Program Files (x86)\Microsoft Visual Studio 12.0\VC\bin\CL.exe /c /I..\porttime /I..\pm_common /I..\GameEngine\GameEngine\Inc /I.\Inc /Zi /nologo /W4 /WX- /Od /Oy- /D WIN32 /D _DEBUG /D _WINDOWS /D _VC80_UPGRADE=0x0600 /D _MBCS /Gm- /EHsc /MTd /GS /fp:precise /Zc:wchar_t /Zc:forScope /Fo".\Debug/" /Fd".\Debug/vc120.pdb" /Gd /TP /wd4100 /analyze- /errorReport:prompt Src\MidiController.cpp
         MidiController.cpp
     1>Src\MidiController.cpp(39): warning C4101: 'deflt' : unreferenced local variable
     1>Src\MidiController.cpp(181): warning C4018: '>=' : signed/unsigned mismatch
       Link:
         C:\Program Files (x86)\Microsoft Visual Studio 12.0\VC\bin\link.exe /ERRORREPORT:PROMPT /OUT:".\Debug/Platformer.exe" /INCREMENTAL /NOLOGO /LIBPATH:.\Debug /LIBPATH:..\GameEngine\GameEngine\Debug opengl32.lib glu32.lib odbc32.lib odbccp32.lib dxguid.lib dinput8.lib comctl32.lib ..\Debug\portmidi_s.lib winmm.lib kernel32.lib user32.lib gdi32.lib winspool.lib comdlg32.lib advapi32.lib shell32.lib ole32.lib oleaut32.lib uuid.lib odbc32.lib odbccp32.lib /NODEFAULTLIB:MSVCRTD /NODEFAULTLIB:MSVCP90D /NODEFAULTLIB:msvcprtd /MANIFEST /MANIFESTUAC:"level='asInvoker' uiAccess='false'" /manifest:embed /DEBUG /PDB:".\Debug/BlankGame.pdb" /ASSEMBLYDEBUG /SUBSYSTEM:WINDOWS /TLBID:1 /DYNAMICBASE:NO /IMPLIB:".\Debug\Platformer.lib" /MACHINE:X86 /SAFESEH .\Debug\Resource.res
         .\Debug/Actor.obj
         .\Debug/Camera.obj
         .\Debug/CameraManager.obj
         .\Debug/Collision.obj
         .\Debug/CoopCamera.obj
         .\Debug/DebugCamera.obj
         .\Debug/DebugPrint.obj
         .\Debug/DebugTrace.obj
         .\Debug/DynamicActor.obj
         .\Debug/FileReader.obj
         .\Debug/FileSerializer.obj
         .\Debug/GameEngine.obj
         .\Debug/Gamepad.obj
         .\Debug/GameSettings.obj
         .\Debug/Input.obj
         .\Debug/Keyboard.obj
         .\Debug/Level.obj
         .\Debug/LookAtCamera.obj
         .\Debug/Mouse.obj
         .\Debug/PlayerCamera.obj
         .\Debug/Reflectable.obj
         .\Debug/ReflectableEditor.obj
         .\Debug/Render2d.obj
         .\Debug/Serializer.obj
         .\Debug/Sprite.obj
         .\Debug/SpriteInfo.obj
         .\Debug/SpriteManager.obj
         .\Debug/TextParser.obj
         .\Debug/TextureManager.obj
         .\Debug/TileMap.obj
         .\Debug/TileSet.obj
         .\Debug/TileSetBitmap.obj
         .\Debug/TileSetList.obj
         .\Debug/TileSetMapping.obj
         .\Debug/TransitionCamera.obj
         .\Debug/Vector2d.obj
         .\Debug/View.obj
         .\Debug/World.obj
         .\Debug/FretNote.obj
         .\Debug/MidiControllerGuitar.obj
         .\Debug/MidiOutput.obj
         .\Debug/Note.obj
         .\Debug/Piano.obj
         .\Debug/PianoKey.obj
         .\Debug/Tuning.obj
         .\Debug/Window.obj
         .\Debug/Workspace.obj
         .\Debug/Fretboard.obj
         .\Debug/main.obj
         .\Debug/MidiController.obj
         Platformer.vcxproj -> D:\Projects\Midi\Source\Platformer\.\Debug\Platformer.exe
     1>Done Building Project "D:\Projects\Midi\Source\Platformer\Platformer.vcxproj" (Build target(s)).

Build succeeded.

Time Elapsed 00:00:01.17
