c:\projects\old_timsplat\source\platformer\debug\gameengine.pch
c:\projects\old_timsplat\source\platformer\debug\vc120.pdb
c:\projects\old_timsplat\source\platformer\debug\actor.obj
c:\projects\old_timsplat\source\platformer\debug\camera.obj
c:\projects\old_timsplat\source\platformer\debug\cameramanager.obj
c:\projects\old_timsplat\source\platformer\debug\collision.obj
c:\projects\old_timsplat\source\platformer\debug\coopcamera.obj
c:\projects\old_timsplat\source\platformer\debug\debugcamera.obj
c:\projects\old_timsplat\source\platformer\debug\debugprint.obj
c:\projects\old_timsplat\source\platformer\debug\debugtrace.obj
c:\projects\old_timsplat\source\platformer\debug\dynamicactor.obj
c:\projects\old_timsplat\source\platformer\debug\gameengine.obj
c:\projects\old_timsplat\source\platformer\debug\gamepad.obj
c:\projects\old_timsplat\source\platformer\debug\gamesettings.obj
c:\projects\old_timsplat\source\platformer\debug\input.obj
c:\projects\old_timsplat\source\platformer\debug\keyboard.obj
c:\projects\old_timsplat\source\platformer\debug\level.obj
c:\projects\old_timsplat\source\platformer\debug\lookatcamera.obj
c:\projects\old_timsplat\source\platformer\debug\mouse.obj
c:\projects\old_timsplat\source\platformer\debug\playercamera.obj
c:\projects\old_timsplat\source\platformer\debug\reflectable.obj
c:\projects\old_timsplat\source\platformer\debug\reflectableeditor.obj
c:\projects\old_timsplat\source\platformer\debug\render2d.obj
c:\projects\old_timsplat\source\platformer\debug\serializer.obj
c:\projects\old_timsplat\source\platformer\debug\sprite.obj
c:\projects\old_timsplat\source\platformer\debug\spriteinfo.obj
c:\projects\old_timsplat\source\platformer\debug\spritemanager.obj
c:\projects\old_timsplat\source\platformer\debug\textparser.obj
c:\projects\old_timsplat\source\platformer\debug\texturemanager.obj
c:\projects\old_timsplat\source\platformer\debug\tilemap.obj
c:\projects\old_timsplat\source\platformer\debug\tileset.obj
c:\projects\old_timsplat\source\platformer\debug\tilesetbitmap.obj
c:\projects\old_timsplat\source\platformer\debug\tilesetlist.obj
c:\projects\old_timsplat\source\platformer\debug\tilesetmapping.obj
c:\projects\old_timsplat\source\platformer\debug\transitioncamera.obj
c:\projects\old_timsplat\source\platformer\debug\vector2d.obj
c:\projects\old_timsplat\source\platformer\debug\view.obj
c:\projects\old_timsplat\source\platformer\debug\world.obj
c:\projects\old_timsplat\source\platformer\debug\addtool.obj
c:\projects\old_timsplat\source\platformer\debug\cameraobject.obj
c:\projects\old_timsplat\source\platformer\debug\character.obj
c:\projects\old_timsplat\source\platformer\debug\characterinput.obj
c:\projects\old_timsplat\source\platformer\debug\characterphysics.obj
c:\projects\old_timsplat\source\platformer\debug\characterstate.obj
c:\projects\old_timsplat\source\platformer\debug\checkpoint.obj
c:\projects\old_timsplat\source\platformer\debug\conveyorbelt.obj
c:\projects\old_timsplat\source\platformer\debug\debuglevelmenu.obj
c:\projects\old_timsplat\source\platformer\debug\decoration.obj
c:\projects\old_timsplat\source\platformer\debug\doorkey.obj
c:\projects\old_timsplat\source\platformer\debug\editor.obj
c:\projects\old_timsplat\source\platformer\debug\gamemain.obj
c:\projects\old_timsplat\source\platformer\debug\gravitymodifier.obj
c:\projects\old_timsplat\source\platformer\debug\inputmovement.obj
c:\projects\old_timsplat\source\platformer\debug\inputparser.obj
c:\projects\old_timsplat\source\platformer\debug\jumpmovement.obj
c:\projects\old_timsplat\source\platformer\debug\laser.obj
c:\projects\old_timsplat\source\platformer\debug\levelexit.obj
c:\projects\old_timsplat\source\platformer\debug\levelobjecttypes.obj
c:\projects\old_timsplat\source\platformer\debug\linearmovement.obj
c:\projects\old_timsplat\source\platformer\debug\lookatrotator.obj
c:\projects\old_timsplat\source\platformer\debug\magnet.obj
c:\projects\old_timsplat\source\platformer\debug\main.obj
c:\projects\old_timsplat\source\platformer\debug\mover.obj
c:\projects\old_timsplat\source\platformer\debug\objectgroup.obj
c:\projects\old_timsplat\source\platformer\debug\oscillator.obj
c:\projects\old_timsplat\source\platformer\debug\outputter.obj
c:\projects\old_timsplat\source\platformer\debug\platform.obj
c:\projects\old_timsplat\source\platformer\debug\projectile.obj
c:\projects\old_timsplat\source\platformer\debug\projectilemanager.obj
c:\projects\old_timsplat\source\platformer\debug\proximitytrigger.obj
c:\projects\old_timsplat\source\platformer\debug\pushingcomponent.obj
c:\projects\old_timsplat\source\platformer\debug\rotator.obj
c:\projects\old_timsplat\source\platformer\debug\selecttool.obj
c:\projects\old_timsplat\source\platformer\debug\shifttool.obj
c:\projects\old_timsplat\source\platformer\debug\spawnpoint.obj
c:\projects\old_timsplat\source\platformer\debug\springbox.obj
c:\projects\old_timsplat\source\platformer\debug\spritetool.obj
c:\projects\old_timsplat\source\platformer\debug\tilepropertiestool.obj
c:\projects\old_timsplat\source\platformer\debug\tileselection.obj
c:\projects\old_timsplat\source\platformer\debug\tiletool.obj
c:\projects\old_timsplat\source\platformer\debug\trigger.obj
c:\projects\old_timsplat\source\platformer\debug\turret.obj
c:\projects\old_timsplat\source\platformer\debug\wallslidemovement.obj
c:\projects\old_timsplat\source\platformer\debug\filereader.obj
c:\projects\old_timsplat\source\platformer\debug\fileserializer.obj
c:\projects\old_timsplat\source\platformer\debug\resource.res
c:\projects\old_timsplat\source\platformer\debug\blankgame.exe.embed.manifest
c:\projects\old_timsplat\source\platformer\debug\blankgame.exe.intermediate.manifest
c:\projects\old_timsplat\source\platformer\debug\blankgame.exe.embed.manifest.res
c:\projects\old_timsplat\source\platformer\debug\vc90.idb
c:\projects\old_timsplat\source\platformer\debug\blankgame.pdb
c:\projects\old_timsplat\source\platformer\debug\vc90.pdb
c:\projects\old_timsplat\source\platformer\debug\platformer.tlog\cl.command.1.tlog
c:\projects\old_timsplat\source\platformer\debug\platformer.tlog\cl.read.1.tlog
c:\projects\old_timsplat\source\platformer\debug\platformer.tlog\cl.write.1.tlog
c:\projects\old_timsplat\source\platformer\debug\platformer.tlog\link.command.1.tlog
c:\projects\old_timsplat\source\platformer\debug\platformer.tlog\link.read.1.tlog
c:\projects\old_timsplat\source\platformer\debug\platformer.tlog\link.write.1.tlog
c:\projects\old_timsplat\source\platformer\debug\platformer.tlog\rc.command.1.tlog
c:\projects\old_timsplat\source\platformer\debug\platformer.tlog\rc.read.1.tlog
c:\projects\old_timsplat\source\platformer\debug\platformer.tlog\rc.write.1.tlog
